  Source.cpp
C:\Users\nbr19\Desktop\AA3_Redes\Platilla_GameLib\GameClient\Source.cpp(42,12): warning C4244: 'argument': conversion from 'time_t' to 'unsigned int', possible loss of data
C:\Users\nbr19\Desktop\AA3_Redes\Platilla_GameLib\GameClient\Source.cpp(308,31): warning C4244: 'argument': conversion from 'int' to 'float', possible loss of data
C:\Users\nbr19\Desktop\AA3_Redes\Platilla_GameLib\GameClient\Source.cpp(308,25): warning C4244: 'argument': conversion from 'int' to 'float', possible loss of data
C:\Users\nbr19\Desktop\AA3_Redes\Platilla_GameLib\GameClient\Source.cpp(342,56): warning C4244: 'argument': conversion from 'T' to 'float', possible loss of data
          with
          [
              T=int
          ]
C:\Users\nbr19\Desktop\AA3_Redes\Platilla_GameLib\GameClient\Source.cpp(342,40): warning C4244: 'argument': conversion from 'T' to 'float', possible loss of data
          with
          [
              T=int
          ]
C:\Users\nbr19\Desktop\AA3_Redes\Platilla_GameLib\GameClient\Source.cpp(400,54): warning C4244: 'argument': conversion from 'T' to 'float', possible loss of data
          with
          [
              T=int
          ]
C:\Users\nbr19\Desktop\AA3_Redes\Platilla_GameLib\GameClient\Source.cpp(400,38): warning C4244: 'argument': conversion from 'T' to 'float', possible loss of data
          with
          [
              T=int
          ]
C:\Users\nbr19\Desktop\AA3_Redes\Platilla_GameLib\GameClient\Source.cpp(636,31): warning C4244: 'argument': conversion from 'int' to 'float', possible loss of data
C:\Users\nbr19\Desktop\AA3_Redes\Platilla_GameLib\GameClient\Source.cpp(636,25): warning C4244: 'argument': conversion from 'int' to 'float', possible loss of data
C:\Users\nbr19\Desktop\AA3_Redes\Platilla_GameLib\GameClient\Source.cpp(670,56): warning C4244: 'argument': conversion from 'T' to 'float', possible loss of data
          with
          [
              T=int
          ]
C:\Users\nbr19\Desktop\AA3_Redes\Platilla_GameLib\GameClient\Source.cpp(670,40): warning C4244: 'argument': conversion from 'T' to 'float', possible loss of data
          with
          [
              T=int
          ]
  Generating code
  0 of 464 functions ( 0.0%) were compiled, the rest were copied from previous compilation.
    0 functions were new in current compilation
    0 functions had inline decision re-evaluated but remain unchanged
  Finished generating code
  GameClient.vcxproj -> C:\Users\nbr19\Desktop\AA3_Redes\Platilla_GameLib\x64\Release\GameClient.exe
