  Source.cpp
C:\Users\nbr19\Desktop\AA3_Redes\Platilla_GameLib\GameServer\Source.cpp(80,12): warning C4244: 'argument': conversion from 'time_t' to 'unsigned int', possible loss of data
C:\Users\nbr19\Desktop\AA3_Redes\Platilla_GameLib\GameServer\Source.cpp(255,26): warning C4244: 'initializing': conversion from 'sf::Int32' to 'float', possible loss of data
C:\Users\nbr19\Desktop\AA3_Redes\Platilla_GameLib\GameServer\Source.cpp(576,50): warning C4244: '=': conversion from 'sf::Int32' to '_Ty2', possible loss of data
          with
          [
              _Ty2=float
          ]
C:\Users\nbr19\Desktop\AA3_Redes\Platilla_GameLib\GameServer\Source.cpp(712,157): warning C4244: 'argument': conversion from 'T' to 'int', possible loss of data
          with
          [
              T=float
          ]
C:\Users\nbr19\Desktop\AA3_Redes\Platilla_GameLib\GameServer\Source.cpp(712,101): warning C4244: 'argument': conversion from 'T' to 'int', possible loss of data
          with
          [
              T=float
          ]
  Generating code
  1 of 523 functions ( 0.2%) were compiled, the rest were copied from previous compilation.
    0 functions were new in current compilation
    0 functions had inline decision re-evaluated but remain unchanged
  Finished generating code
  GameServer.vcxproj -> C:\Users\nbr19\Desktop\AA3_Redes\Platilla_GameLib\x64\Release\GameServer.exe
